<?xml version="1.0" encoding="UTF-8"?>
<testsuite xmlns:xsi="http://www.w3.org/2001/XMLSchema-instance" xsi:noNamespaceSchemaLocation="https://maven.apache.org/surefire/maven-surefire-plugin/xsd/surefire-test-report.xsd" name="com.it.BookTest" time="0.045" tests="3" errors="0" skipped="0" failures="0">
  <properties>
[...]
</properties>
  <testcase name="testPagesThrows" classname="com.it.BookTest" time="0.027"/>
  <testcase name="testObjectCreation" classname="com.it.BookTest" time="0.002"/>
  <testcase name="testSetTitleWithNull" classname="com.it.BookTest" time="0.001"/>
</testsuite>